2023-04-13 05:37:17,299 --> ERROR - Error ConnectionTimout: https://bbc.com/news/world/us_and_canada
2023-04-13 05:37:18,614 --> ERROR - Error ConnectionTimout: https://bbc.com/news/world/middle_east
2023-04-13 05:37:18,614 --> ERROR - Error ConnectionTimout: https://bbc.com/sport
2023-04-13 05:37:18,615 --> ERROR - Error ConnectionTimout: https://bbc.com/news/world-middle-east-65258811
2023-04-13 05:37:20,444 --> ERROR - Error ConnectionTimout: https://bbc.com/sport/football/65244881
2023-04-13 05:37:32,373 --> ERROR - Error ConnectionTimout: https://bbc.com/news/business
2023-04-13 05:37:33,100 --> ERROR - Error ConnectionTimout: https://bbc.com/news/world-europe-65259132
2023-04-13 05:37:33,102 --> ERROR - Error ConnectionTimout: https://bbc.com/news/world/europe
2023-04-13 05:37:33,103 --> ERROR - Error ConnectionTimout: https://bbc.com/news/world-europe-65259132
2023-04-13 05:37:33,104 --> ERROR - Error ConnectionTimout: https://bbc.com/news/world-europe-65259132
2023-04-13 05:37:33,106 --> ERROR - Error ConnectionTimout: https://bbc.com/news/world/europe
2023-04-13 05:37:33,137 --> ERROR - Error ConnectionTimout: https://bbc.com/news/uk-65257407
2023-04-13 05:37:33,138 --> ERROR - Error ConnectionTimout: https://bbc.com/news/world-europe-65259132
2023-04-13 05:37:34,968 --> ERROR - Error ConnectionTimout: https://bbc.com/news/uk
2023-04-13 05:37:34,969 --> ERROR - Error ConnectionTimout: https://bbc.com/news/uk-65257407
2023-04-13 05:37:37,082 --> ERROR - Error ConnectionTimout: https://bbc.com/news/world-europe-65245141
2023-04-13 05:37:37,084 --> ERROR - Error ConnectionTimout: https://bbc.com/news/world/europe
2023-04-13 05:37:37,594 --> ERROR - Error ConnectionTimout: https://bbc.com/news/world-us-canada-65249139
2023-04-13 05:37:37,596 --> ERROR - Error ConnectionTimout: https://bbc.com/news/world/us_and_canada
2023-04-13 05:37:37,613 --> ERROR - Error ConnectionTimout: https://bbc.com/news/world-us-canada-65249139
2023-04-13 05:37:37,615 --> ERROR - Error ConnectionTimout: https://bbc.com/news/world-europe-65245141
2023-04-13 05:37:38,954 --> ERROR - Error ConnectionTimout: https://bbc.com/news/world-europe-65253966
2023-04-13 05:37:38,957 --> ERROR - Error ConnectionTimout: https://bbc.com/news/world/europe
2023-04-13 05:37:38,958 --> ERROR - Error ConnectionTimout: https://bbc.com/news/world-europe-65253966
2023-04-13 05:37:38,960 --> ERROR - Error ConnectionTimout: https://bbc.com/news/uk-65250784
2023-04-13 05:37:38,961 --> ERROR - Error ConnectionTimout: https://bbc.com/news/uk
2023-04-13 05:37:38,963 --> ERROR - Error ConnectionTimout: https://bbc.com/news/uk-65250784
2023-04-13 05:37:41,539 --> ERROR - Error ConnectionTimout: https://bbc.com/news/world-us-canada-65249141
2023-04-13 05:37:41,540 --> ERROR - Error ConnectionTimout: https://bbc.com/news/world/us_and_canada
2023-04-13 05:37:41,540 --> ERROR - Error ConnectionTimout: https://bbc.com/news/world-us-canada-65249141
2023-04-13 05:37:42,278 --> ERROR - Error ConnectionTimout: https://bbc.com/news/world-us-canada-65249138
2023-04-13 05:37:42,286 --> ERROR - Error ConnectionTimout: https://bbc.com/news/world/us_and_canada
2023-04-13 05:37:42,287 --> ERROR - Error ConnectionTimout: https://bbc.com/news/world-us-canada-65249138
2023-04-13 05:37:42,953 --> ERROR - Error ConnectionTimout: https://bbc.com/news/world-us-canada-65248354
2023-04-13 05:37:42,954 --> ERROR - Error ConnectionTimout: https://bbc.com/news/world/us_and_canada
2023-04-13 05:37:42,955 --> ERROR - Error ConnectionTimout: https://bbc.com/news/world-us-canada-65248354
2023-04-13 05:37:42,956 --> ERROR - Error ConnectionTimout: https://bbc.com/news/uk-northern-ireland-65246855
2023-04-13 05:37:42,957 --> ERROR - Error ConnectionTimout: https://bbc.com/news/northern_ireland
2023-04-13 05:37:42,959 --> ERROR - Error ConnectionTimout: https://bbc.com/news/uk-northern-ireland-65246855
2023-04-13 05:37:42,960 --> ERROR - Error ConnectionTimout: https://bbc.com/news/entertainment-arts-65258807
2023-04-13 05:37:42,961 --> ERROR - Error ConnectionTimout: https://bbc.com/news/entertainment_and_arts
2023-04-13 05:37:42,963 --> ERROR - Error ConnectionTimout: https://bbc.com/news/entertainment-arts-65258807
2023-04-13 05:37:42,964 --> ERROR - Error ConnectionTimout: https://bbc.com/news/science-environment-65254022
2023-04-13 05:37:42,965 --> ERROR - Error ConnectionTimout: https://bbc.com/news/science_and_environment
2023-04-13 05:37:42,967 --> ERROR - Error ConnectionTimout: https://bbc.com/news/science-environment-65254022
2023-04-13 05:37:42,968 --> ERROR - Error ConnectionTimout: http://www.bbc.com/news/business/
2023-04-13 05:37:42,969 --> ERROR - Error ConnectionTimout: https://bbc.com/news/health-65252511
2023-04-13 05:37:42,970 --> ERROR - Error ConnectionTimout: https://bbc.com/news/health
2023-04-13 05:37:47,008 --> ERROR - Error ConnectionTimout: https://bbc.com/news/health-65252511
2023-04-13 05:37:47,009 --> ERROR - Error ConnectionTimout: https://bbc.com/news/uk-wales-57853220
2023-04-13 05:37:47,538 --> ERROR - Error ConnectionTimout: https://bbc.com/news/wales
2023-04-13 05:37:47,540 --> ERROR - Error ConnectionTimout: https://bbc.com/news/uk-wales-57853220
2023-04-13 05:37:47,981 --> ERROR - Error ConnectionTimout: https://bbc.com/news/world-us-canada-65245054
2023-04-13 05:37:47,982 --> ERROR - Error ConnectionTimout: https://bbc.com/news/business-65248196
2023-04-13 05:37:47,983 --> ERROR - Error ConnectionTimout: https://bbc.com/news/business
2023-04-13 05:37:47,984 --> ERROR - Error ConnectionTimout: https://bbc.com/news/business-65248196
2023-04-13 05:37:47,984 --> ERROR - Error ConnectionTimout: https://www.bbc.com/news/health-65252510
2023-04-13 05:37:47,985 --> ERROR - Error ConnectionTimout: https://www.bbc.com/news/world-us-canada-65248502
2023-04-13 05:37:47,986 --> ERROR - Error ConnectionTimout: https://www.bbc.com/news/world-asia-india-65175711
2023-04-13 05:37:47,988 --> ERROR - Error ConnectionTimout: https://www.bbc.com/news/uk-65194594
2023-04-13 05:37:47,989 --> ERROR - Error ConnectionTimout: https://www.bbc.com/news/world-middle-east-65224751
2023-04-13 05:37:47,990 --> ERROR - Error ConnectionTimout: https://www.bbc.com/news/world-us-canada-65183250
2023-04-13 05:37:47,992 --> ERROR - Error ConnectionTimout: https://www.bbc.com/news/world-us-canada-65197858
2023-04-13 05:37:47,993 --> ERROR - Error ConnectionTimout: https://www.bbc.com/news/business-38507481
2023-04-13 05:37:47,994 --> ERROR - Error ConnectionTimout: https://www.bbc.com/news/business-65173246
2023-04-13 05:37:47,995 --> ERROR - Error ConnectionTimout: https://bbc.com/news/business
2023-04-13 05:37:48,002 --> ERROR - Error ConnectionTimout: https://bbc.com/news/world/us_and_canada
2023-04-13 05:37:48,003 --> ERROR - Error ConnectionTimout: https://bbc.com/news/world-us-canada-65245054
2023-04-13 05:37:51,441 --> ERROR - Error ConnectionTimout: https://www.bbc.com/news/business-65173246
2023-04-13 05:37:51,443 --> ERROR - Error ConnectionTimout: https://www.bbc.com/news/business-15521824
2023-04-13 05:37:51,443 --> ERROR - Error ConnectionTimout: https://www.bbc.com/news/business-65110680
2023-04-13 05:38:02,149 --> ERROR - Error ConnectionTimout: https://bbc.com/pashto/
2023-04-13 05:38:02,453 --> ERROR - Error ConnectionTimout: https://bbc.com/nepali/
2023-04-13 05:38:02,457 --> ERROR - Error ConnectionTimout: https://bbc.com/marathi/
2023-04-13 05:38:09,078 --> ERROR - Error ConnectionTimout: https://bbc.com/news/health
2023-04-13 05:38:15,538 --> ERROR - Error ConnectionTimout: https://bbc.com/news/world/europe/jersey
2023-04-13 05:38:15,762 --> ERROR - Error ConnectionTimout: https://bbc.com/news/politics
2023-04-13 05:38:15,764 --> ERROR - Error ConnectionTimout: https://bbc.com/news/localnews
2023-04-13 05:38:15,765 --> ERROR - Error ConnectionTimout: https://bbc.com/news/business
2023-04-13 05:38:22,543 --> ERROR - Error ConnectionTimout: https://bbc.com/news/world-us-canada-65249138
2023-04-13 05:38:28,727 --> ERROR - Error ConnectionTimout: https://bbc.com/news/world-europe-65259132
2023-04-13 05:38:28,735 --> ERROR - Error HTTP: https://bbc.com/news/world/europe code:
2023-04-13 05:38:29,222 --> ERROR - Error ConnectionTimout: https://bbc.com/news/uk-northern-ireland-65244335
2023-04-13 05:38:36,318 --> ERROR - Error ConnectionTimout: https://bbc.com/news/uk-65255135
2023-04-13 05:38:36,320 --> ERROR - Error ConnectionTimout: https://bbc.com/news/world-us-canada-65208045
2023-04-13 05:38:36,331 --> ERROR - Error HTTP: https://bbc.com/news/world-us-canada-65257957 code:
2023-04-13 05:38:37,078 --> ERROR - Error ConnectionTimout: https://bbc.com/news/world-us-canada-65258107
2023-04-13 05:38:43,376 --> ERROR - Error ConnectionTimout: https://cloud.email.bbc.com/bbcnewsignup2
2023-04-13 05:38:52,272 --> ERROR - Error HTTP: https://bbc.com/news/localnews code:
2023-04-13 05:38:52,504 --> ERROR - Error ConnectionTimout: https://bbc.com/news/business
2023-04-13 05:38:52,766 --> ERROR - Error ConnectionTimout: https://bbc.com/news/business/market-data
2023-04-13 05:38:52,767 --> ERROR - Error ConnectionTimout: https://bbc.com/news/business-45489065
2023-04-13 05:38:52,768 --> ERROR - Error ConnectionTimout: https://bbc.com/news/business-15521824
2023-04-13 05:39:01,720 --> ERROR - Error ConnectionTimout: https://bbc.com/reel/video/p0fccnq3/capoeira-brazil-s-oldest-martial-art
2023-04-13 05:43:20,579 --> ERROR - Error ConnectionTimout: https://bbc.com/news/world/us_and_canada
2023-04-13 05:43:40,372 --> ERROR - Error ConnectionTimout: https://bbc.com/news/world-europe-65259132
2023-04-13 05:43:40,373 --> ERROR - Error ConnectionTimout: https://bbc.com/news/world/europe
2023-04-13 05:43:40,375 --> ERROR - Error ConnectionTimout: https://bbc.com/news/world-europe-65259132
2023-04-13 05:43:41,376 --> ERROR - Error ConnectionTimout: https://bbc.com/news/world-europe-65259132
2023-04-13 05:43:41,377 --> ERROR - Error ConnectionTimout: https://bbc.com/news/world/europe
2023-04-13 05:43:41,378 --> ERROR - Error ConnectionTimout: https://bbc.com/news/world-europe-65259132
2023-04-13 05:43:41,380 --> ERROR - Error ConnectionTimout: https://bbc.com/news/uk-65257407
2023-04-13 05:43:41,381 --> ERROR - Error ConnectionTimout: https://bbc.com/news/uk
2023-04-13 05:43:43,900 --> ERROR - Error ConnectionTimout: https://bbc.com/news/uk-65257407
2023-04-13 05:43:44,879 --> ERROR - Error ConnectionTimout: https://bbc.com/news/world-europe-65245141
2023-04-13 05:43:45,928 --> ERROR - Error ConnectionTimout: https://bbc.com/news/world/europe
2023-04-13 05:43:45,929 --> ERROR - Error ConnectionTimout: https://bbc.com/news/world-europe-65245141
2023-04-13 05:43:45,930 --> ERROR - Error ConnectionTimout: https://bbc.com/news/world-us-canada-65249139
2023-04-13 05:43:45,931 --> ERROR - Error ConnectionTimout: https://bbc.com/news/world/us_and_canada
2023-04-13 05:43:45,931 --> ERROR - Error ConnectionTimout: https://bbc.com/news/world-us-canada-65249139
2023-04-13 05:43:45,932 --> ERROR - Error ConnectionTimout: https://bbc.com/news/world-europe-65253966
2023-04-13 05:43:45,933 --> ERROR - Error ConnectionTimout: https://bbc.com/news/world/europe
2023-04-13 05:43:48,320 --> ERROR - Error ConnectionTimout: https://bbc.com/news/world-europe-65253966
2023-04-13 05:43:48,321 --> ERROR - Error ConnectionTimout: https://bbc.com/news/uk-65250784
2023-04-13 05:43:48,322 --> ERROR - Error ConnectionTimout: https://bbc.com/news/uk
2023-04-13 05:43:49,703 --> ERROR - Error ConnectionTimout: https://bbc.com/news/uk-65250784
2023-04-13 05:43:49,704 --> ERROR - Error ConnectionTimout: https://bbc.com/news/world-us-canada-65249141
2023-04-13 05:43:49,705 --> ERROR - Error ConnectionTimout: https://bbc.com/news/world/us_and_canada
2023-04-13 05:43:50,411 --> ERROR - Error ConnectionTimout: https://bbc.com/news/world/us_and_canada
2023-04-13 05:43:50,422 --> ERROR - Error ConnectionTimout: https://bbc.com/news/world/us_and_canada
2023-04-13 05:43:50,423 --> ERROR - Error ConnectionTimout: https://bbc.com/news/world-us-canada-65249138
2023-04-13 05:43:50,425 --> ERROR - Error ConnectionTimout: https://bbc.com/news/world-us-canada-65248354
2023-04-13 05:43:50,427 --> ERROR - Error ConnectionTimout: https://bbc.com/news/world-us-canada-65249141
2023-04-13 05:43:50,429 --> ERROR - Error ConnectionTimout: https://bbc.com/news/world-us-canada-65249138
2023-04-13 05:43:51,812 --> ERROR - Error ConnectionTimout: https://bbc.com/news/world-us-canada-65248354
2023-04-13 05:43:51,814 --> ERROR - Error ConnectionTimout: https://bbc.com/news/uk-northern-ireland-65246855
2023-04-13 05:43:51,815 --> ERROR - Error ConnectionTimout: https://bbc.com/news/northern_ireland
2023-04-13 05:43:51,816 --> ERROR - Error ConnectionTimout: https://bbc.com/news/uk-northern-ireland-65246855
2023-04-13 05:43:51,817 --> ERROR - Error ConnectionTimout: https://bbc.com/news/entertainment-arts-65258807
2023-04-13 05:43:51,819 --> ERROR - Error ConnectionTimout: https://bbc.com/news/entertainment_and_arts
2023-04-13 05:43:51,821 --> ERROR - Error ConnectionTimout: http://www.bbc.com/news/business/
2023-04-13 05:43:53,401 --> ERROR - Error ConnectionTimout: https://bbc.com/news/health-65252511
2023-04-13 05:43:53,403 --> ERROR - Error ConnectionTimout: https://bbc.com/news/health
2023-04-13 05:43:53,404 --> ERROR - Error ConnectionTimout: https://bbc.com/news/health-65252511
2023-04-13 05:43:53,425 --> ERROR - Error ConnectionTimout: https://bbc.com/news/entertainment-arts-65258807
2023-04-13 05:43:53,427 --> ERROR - Error ConnectionTimout: https://bbc.com/news/science-environment-65254022
2023-04-13 05:43:53,429 --> ERROR - Error ConnectionTimout: https://bbc.com/news/science_and_environment
2023-04-13 05:43:53,430 --> ERROR - Error ConnectionTimout: https://bbc.com/news/science-environment-65254022
2023-04-13 05:43:55,048 --> ERROR - Error ConnectionTimout: https://bbc.com/news/uk-wales-57853220
2023-04-13 05:43:55,306 --> ERROR - Error ConnectionTimout: https://bbc.com/news/wales
2023-04-13 05:43:55,310 --> ERROR - Error ConnectionTimout: https://bbc.com/news/uk-wales-57853220
2023-04-13 05:43:55,311 --> ERROR - Error ConnectionTimout: https://bbc.com/news/world-us-canada-65245054
2023-04-13 05:43:55,315 --> ERROR - Error ConnectionTimout: https://bbc.com/news/world/us_and_canada
2023-04-13 05:43:55,316 --> ERROR - Error ConnectionTimout: https://bbc.com/news/world-us-canada-65245054
2023-04-13 05:43:55,317 --> ERROR - Error ConnectionTimout: https://bbc.com/news/business-65248196
2023-04-13 05:43:55,318 --> ERROR - Error ConnectionTimout: https://bbc.com/news/business
2023-04-13 05:43:55,320 --> ERROR - Error ConnectionTimout: https://bbc.com/news/business-65248196
2023-04-13 05:43:55,321 --> ERROR - Error ConnectionTimout: https://www.bbc.com/news/health-65252510
2023-04-13 05:43:55,322 --> ERROR - Error ConnectionTimout: https://www.bbc.com/news/world-us-canada-65248502
2023-04-13 05:43:57,577 --> ERROR - Error ConnectionTimout: https://www.bbc.com/news/world-asia-india-65175711
2023-04-13 05:43:57,886 --> ERROR - Error ConnectionTimout: https://bbc.com/news/business
2023-04-13 05:43:58,126 --> ERROR - Error ConnectionTimout: https://www.bbc.com/news/business-38507481
2023-04-13 05:43:58,128 --> ERROR - Error ConnectionTimout: https://www.bbc.com/news/business-65173246
2023-04-13 05:43:58,130 --> ERROR - Error ConnectionTimout: https://www.bbc.com/news/business-65173246
2023-04-13 05:44:07,291 --> ERROR - Error ConnectionTimout: https://bbc.com/hindi/
2023-04-13 05:44:07,293 --> ERROR - Error ConnectionTimout: https://bbc.com/indonesia/
2023-04-13 05:44:10,873 --> ERROR - Error ConnectionTimout: https://bbc.com/japanese/
2023-04-13 05:44:10,875 --> ERROR - Error ConnectionTimout: https://bbc.com/gahuza/
2023-04-13 05:44:11,355 --> ERROR - Error ConnectionTimout: https://bbc.com/gahuza/
2023-04-13 05:44:11,356 --> ERROR - Error ConnectionTimout: https://bbc.com/pashto/
2023-04-13 05:44:11,358 --> ERROR - Error ConnectionTimout: https://bbc.com/sinhala/
2023-04-13 05:44:11,359 --> ERROR - Error ConnectionTimout: https://bbc.com/marathi/
2023-04-13 05:44:11,360 --> ERROR - Error ConnectionTimout: https://bbc.com/russian/
2023-04-13 05:44:11,361 --> ERROR - Error ConnectionTimout: https://bbc.com/nepali/
2023-04-13 05:44:11,363 --> ERROR - Error ConnectionTimout: https://bbc.com/mundo/
2023-04-13 05:44:11,364 --> ERROR - Error ConnectionTimout: https://bbc.com/kyrgyz/
2023-04-13 05:44:11,365 --> ERROR - Error ConnectionTimout: https://bbc.com/portuguese/
2023-04-13 05:44:11,367 --> ERROR - Error ConnectionTimout: https://bbc.com/persian/
2023-04-13 05:44:11,368 --> ERROR - Error ConnectionTimout: https://bbc.com/somali/
2023-04-13 05:44:11,369 --> ERROR - Error ConnectionTimout: https://bbc.com/tamil/
2023-04-13 05:44:11,371 --> ERROR - Error ConnectionTimout: https://bbc.com/swahili/
2023-04-13 05:45:37,384 --> ERROR - Error ConnectionTimout: https://bbc.com/sounds
2023-04-13 05:45:47,827 --> ERROR - Error ConnectionTimout: https://bbc.com/sport/football/65256539
2023-04-13 05:45:47,830 --> ERROR - Error ConnectionTimout: https://bbc.com/sport/cricket
2023-04-13 05:45:47,834 --> ERROR - Error ConnectionTimout: https://bbc.com/sport/africa/65170263
2023-04-13 05:45:48,782 --> ERROR - Error ConnectionTimout: https://bbc.com/sport/cricket/65240947
2023-04-13 05:45:48,784 --> ERROR - Error ConnectionTimout: https://bbc.com/sport/football
